<?xml version="1.0" encoding="UTF-8"?>
<!-- Generated by org.testng.reporters.JUnitReportReporter -->
<testsuite skipped="0" hostname="DESKTOP-DNRKHTT" name="com.dws.testcases.RegisterTest" tests="1" failures="0" timestamp="06 Jun 2021 18:55:19 GMT" time="34.040" errors="0">
  <testcase name="register" time="34.040" classname="com.dws.testcases.RegisterTest"/>
</testsuite> <!-- com.dws.testcases.RegisterTest -->
