<?xml version="1.0" encoding="UTF-8"?>
<!-- Generated by org.testng.reporters.JUnitReportReporter -->
<testsuite skipped="0" hostname="DESKTOP-DNRKHTT" name="com.dws.testcases.LoginTest" tests="1" failures="0" timestamp="07 Jun 2021 19:22:38 GMT" time="36.644" errors="0">
  <testcase name="login" time="36.644" classname="com.dws.testcases.LoginTest"/>
</testsuite> <!-- com.dws.testcases.LoginTest -->
